<?xml version="1.0" encoding="UTF-8"?>
<!-- Generated by org.testng.reporters.JUnitReportReporter -->
<testsuite hostname="LAPTOP-APLKU03V" failures="0" tests="2" name="annoataion.dependecy.asser.Class1" time="0.001" errors="0" timestamp="2024-01-10T17:18:20 IST" skipped="0">
  <testcase classname="annoataion.dependecy.asser.Class1" name="abc" time="0.001"/>
  <system-out/>
  <testcase classname="annoataion.dependecy.asser.Class1" name="abc" time="0.000"/>
  <system-out/>
</testsuite> <!-- annoataion.dependecy.asser.Class1 -->
