<?xml version="1.0" encoding="UTF-8"?>
<!-- Generated by org.testng.reporters.JUnitReportReporter -->
<testsuite hostname="LAPTOP-APLKU03V" failures="0" tests="4" name="testng.parallel.Parallel" time="0.207" errors="0" timestamp="2024-02-25T22:40:15 IST" skipped="0">
  <testcase classname="testng.parallel.Parallel" name="testLogo" time="0.100"/>
  <system-out/>
  <testcase classname="testng.parallel.Parallel" name="testLogo" time="0.052"/>
  <system-out/>
  <testcase classname="testng.parallel.Parallel" name="testHomePageTitle" time="0.014"/>
  <system-out/>
  <testcase classname="testng.parallel.Parallel" name="testHomePageTitle" time="0.041"/>
  <system-out/>
</testsuite> <!-- testng.parallel.Parallel -->
