<?xml version="1.0" encoding="UTF-8"?>
<!-- Generated by org.testng.reporters.JUnitReportReporter -->
<testsuite hostname="LAPTOP-APLKU03V" failures="0" tests="3" name="com.dataprovider.grouping.Grouping" time="0.021" errors="0" timestamp="2024-01-11T10:35:37 IST" skipped="0">
  <testcase classname="com.dataprovider.grouping.Grouping" name="signupbyfacebook" time="0.019"/>
  <system-out/>
  <testcase classname="com.dataprovider.grouping.Grouping" name="signupbytwitter" time="0.001"/>
  <system-out/>
  <testcase classname="com.dataprovider.grouping.Grouping" name="paymentReturnbyBank" time="0.001"/>
  <system-out/>
</testsuite> <!-- com.dataprovider.grouping.Grouping -->
