<?xml version="1.0" encoding="UTF-8"?>
<!-- Generated by org.testng.reporters.JUnitReportReporter -->
<testsuite hostname="LAPTOP-APLKU03V" failures="0" tests="3" name="com.TestNG.demo.NewTestNGDEmo" time="19.900" errors="0" timestamp="2024-01-10T11:38:14 IST" skipped="0">
  <testcase classname="com.TestNG.demo.NewTestNGDEmo" name="openApp" time="16.940"/>
  <system-out/>
  <testcase classname="com.TestNG.demo.NewTestNGDEmo" name="login" time="2.799"/>
  <system-out/>
  <testcase classname="com.TestNG.demo.NewTestNGDEmo" name="closeApp" time="0.161"/>
  <system-out/>
</testsuite> <!-- com.TestNG.demo.NewTestNGDEmo -->
