<?xml version="1.0" encoding="UTF-8"?>
<!-- Generated by org.testng.reporters.JUnitReportReporter -->
<testsuite hostname="LAPTOP-APLKU03V" failures="0" tests="2" name="annoataion.dependecy.asser.Class2" time="0.006" errors="0" timestamp="2024-01-10T17:18:20 IST" skipped="0">
  <testcase classname="annoataion.dependecy.asser.Class2" name="xyz" time="0.004"/>
  <system-out/>
  <testcase classname="annoataion.dependecy.asser.Class2" name="xyz" time="0.002"/>
  <system-out/>
</testsuite> <!-- annoataion.dependecy.asser.Class2 -->
