<?xml version="1.0" encoding="UTF-8"?>
<!-- Generated by org.testng.reporters.JUnitReportReporter -->
<testsuite hostname="LAPTOP-APLKU03V" failures="0" tests="2" name="test.page.object.model.LoginTest" time="3.131" errors="0" timestamp="2024-01-13T18:15:57 IST" skipped="0">
  <testcase classname="test.page.object.model.LoginTest" name="testLogo" time="0.153"/>
  <system-out/>
  <testcase classname="test.page.object.model.LoginTest" name="testLogin" time="2.978"/>
  <system-out/>
</testsuite> <!-- test.page.object.model.LoginTest -->
